<?xml version="1.0" encoding="UTF-8"?>
<!-- Generated by org.testng.reporters.JUnitReportReporter -->
<testsuite skipped="0" hostname="Shubham-Verma" name="com.testbroker.scripts.AegisLondonTest" tests="1" failures="0" timestamp="2020-06-11T13:44:11 IST" time="91.838" errors="0">
  <testcase name="vacantBuildingPremiumVerfification" time="91.838" classname="com.testbroker.scripts.AegisLondonTest"/>
  <system-out/>
</testsuite> <!-- com.testbroker.scripts.AegisLondonTest -->
