<?xml version="1.0" encoding="UTF-8"?>
<!-- Generated by org.testng.reporters.JUnitReportReporter -->
<testsuite skipped="0" hostname="Shubham-Verma" name="com.testbroker.scripts.AegisLondonTest" tests="1" failures="0" timestamp="2020-06-11T15:13:04 IST" time="82.169" errors="0">
  <testcase name="aegisLondonContactUs" time="82.169" classname="com.testbroker.scripts.AegisLondonTest"/>
  <system-out>
User has successfully land on office location page  </system-out>
</testsuite> <!-- com.testbroker.scripts.AegisLondonTest -->
