<?xml version="1.0" encoding="UTF-8"?>
<!-- Generated by org.testng.reporters.JUnitReportReporter -->
<testsuite skipped="0" hostname="Shubham-Verma" name="com.testbroker.scripts.LoginTest" tests="1" failures="0" timestamp="2020-06-09T13:04:56 IST" time="299.227" errors="0">
  <testcase name="validLoginTest" time="299.227" classname="com.testbroker.scripts.LoginTest"/>
  <system-out>
The amount of gross value is expected  </system-out>
</testsuite> <!-- com.testbroker.scripts.LoginTest -->
