<?xml version="1.0" encoding="UTF-8"?>
<!-- Generated by org.testng.reporters.JUnitReportReporter -->
<testsuite skipped="0" hostname="Shubham-Verma" name="com.testbroker.scripts.LoginTest" tests="1" failures="0" timestamp="08 Jun 2020 10:31:04 GMT" time="222.183" errors="0">
  <testcase name="validLoginTest" time="222.183" classname="com.testbroker.scripts.LoginTest"/>
</testsuite> <!-- com.testbroker.scripts.LoginTest -->
